<?xml version="1.0" encoding="UTF-8"?>
<testng-results skipped="0" failed="0" ignored="0" total="1" passed="1">
  <reporter-output>
  </reporter-output>
  <suite name="Default suite" duration-ms="28" started-at="2023-02-11T20:25:56 EST" finished-at="2023-02-11T20:25:56 EST">
    <groups>
    </groups>
    <test name="Default test" duration-ms="28" started-at="2023-02-11T20:25:56 EST" finished-at="2023-02-11T20:25:56 EST">
      <class name="propertiesfile.Properties_file">
        <test-method status="PASS" signature="getData()[pri:0, instance:propertiesfile.Properties_file@305fd85d]" name="getData" duration-ms="6" started-at="2023-02-11T20:25:56 EST" finished-at="2023-02-11T20:25:56 EST">
          <reporter-output>
          </reporter-output>
        </test-method> <!-- getData -->
      </class> <!-- propertiesfile.Properties_file -->
    </test> <!-- Default test -->
  </suite> <!-- Default suite -->
</testng-results>
